{"/Users/ormeline/Documents/Programming/bank-tech-test/bank_account.js": {"path":"/Users/ormeline/Documents/Programming/bank-tech-test/bank_account.js","statementMap":{"0":{"start":{"line":1,"column":20},"end":{"line":1,"column":44}},"1":{"start":{"line":5,"column":4},"end":{"line":5,"column":33}},"2":{"start":{"line":9,"column":24},"end":{"line":9,"column":82}},"3":{"start":{"line":10,"column":4},"end":{"line":10,"column":27}},"4":{"start":{"line":14,"column":4},"end":{"line":19,"column":5}},"5":{"start":{"line":15,"column":26},"end":{"line":15,"column":84}},"6":{"start":{"line":16,"column":6},"end":{"line":16,"column":29}},"7":{"start":{"line":18,"column":6},"end":{"line":18,"column":42}},"8":{"start":{"line":23,"column":0},"end":{"line":23,"column":29}}},"fnMap":{"0":{"name":"(anonymous_0)","decl":{"start":{"line":4,"column":2},"end":{"line":4,"column":3}},"loc":{"start":{"line":4,"column":30},"end":{"line":6,"column":3}},"line":4},"1":{"name":"(anonymous_1)","decl":{"start":{"line":8,"column":2},"end":{"line":8,"column":3}},"loc":{"start":{"line":8,"column":30},"end":{"line":11,"column":3}},"line":8},"2":{"name":"(anonymous_2)","decl":{"start":{"line":13,"column":2},"end":{"line":13,"column":3}},"loc":{"start":{"line":13,"column":31},"end":{"line":20,"column":3}},"line":13}},"branchMap":{"0":{"loc":{"start":{"line":14,"column":4},"end":{"line":19,"column":5}},"type":"if","locations":[{"start":{"line":14,"column":4},"end":{"line":19,"column":5}},{"start":{"line":17,"column":11},"end":{"line":19,"column":5}}],"line":14}},"s":{"0":1,"1":6,"2":3,"3":3,"4":2,"5":1,"6":1,"7":1,"8":1},"f":{"0":6,"1":3,"2":2},"b":{"0":[1,1]},"_coverageSchema":"1a1c01bbd47fc00a2c39e90264f33305004495a9","hash":"96ee11c11cf8be2cffd83f5559945870bf63e58b"}
,"/Users/ormeline/Documents/Programming/bank-tech-test/print_statement.js": {"path":"/Users/ormeline/Documents/Programming/bank-tech-test/print_statement.js","statementMap":{"0":{"start":{"line":1,"column":20},"end":{"line":1,"column":44}},"1":{"start":{"line":5,"column":25},"end":{"line":5,"column":57}},"2":{"start":{"line":7,"column":4},"end":{"line":7,"column":57}},"3":{"start":{"line":8,"column":4},"end":{"line":14,"column":5}},"4":{"start":{"line":9,"column":46},"end":{"line":9,"column":57}},"5":{"start":{"line":10,"column":30},"end":{"line":10,"column":72}},"6":{"start":{"line":11,"column":29},"end":{"line":11,"column":70}},"7":{"start":{"line":12,"column":31},"end":{"line":12,"column":49}},"8":{"start":{"line":13,"column":6},"end":{"line":13,"column":98}},"9":{"start":{"line":18,"column":0},"end":{"line":18,"column":32}}},"fnMap":{"0":{"name":"(anonymous_0)","decl":{"start":{"line":4,"column":2},"end":{"line":4,"column":3}},"loc":{"start":{"line":4,"column":10},"end":{"line":15,"column":3}},"line":4}},"branchMap":{"0":{"loc":{"start":{"line":10,"column":30},"end":{"line":10,"column":72}},"type":"cond-expr","locations":[{"start":{"line":10,"column":50},"end":{"line":10,"column":67}},{"start":{"line":10,"column":70},"end":{"line":10,"column":72}}],"line":10},"1":{"loc":{"start":{"line":11,"column":29},"end":{"line":11,"column":70}},"type":"cond-expr","locations":[{"start":{"line":11,"column":48},"end":{"line":11,"column":65}},{"start":{"line":11,"column":68},"end":{"line":11,"column":70}}],"line":11}},"s":{"0":1,"1":3,"2":3,"3":3,"4":2,"5":2,"6":2,"7":2,"8":2,"9":1},"f":{"0":3},"b":{"0":[1,1],"1":[1,1]},"_coverageSchema":"1a1c01bbd47fc00a2c39e90264f33305004495a9","hash":"144a7e6b54a9ccf036bd5b8e5285f896e8b433ba"}
,"/Users/ormeline/Documents/Programming/bank-tech-test/transaction.js": {"path":"/Users/ormeline/Documents/Programming/bank-tech-test/transaction.js","statementMap":{"0":{"start":{"line":2,"column":26},"end":{"line":2,"column":28}},"1":{"start":{"line":5,"column":6},"end":{"line":5,"column":23}},"2":{"start":{"line":6,"column":6},"end":{"line":6,"column":27}},"3":{"start":{"line":7,"column":6},"end":{"line":7,"column":23}},"4":{"start":{"line":8,"column":6},"end":{"line":8,"column":29}},"5":{"start":{"line":9,"column":6},"end":{"line":9,"column":42}},"6":{"start":{"line":13,"column":6},"end":{"line":13,"column":38}},"7":{"start":{"line":17,"column":6},"end":{"line":24,"column":12}},"8":{"start":{"line":18,"column":8},"end":{"line":22,"column":9}},"9":{"start":{"line":19,"column":10},"end":{"line":19,"column":44}},"10":{"start":{"line":20,"column":15},"end":{"line":22,"column":9}},"11":{"start":{"line":21,"column":10},"end":{"line":21,"column":44}},"12":{"start":{"line":23,"column":8},"end":{"line":23,"column":21}},"13":{"start":{"line":28,"column":2},"end":{"line":28,"column":31}}},"fnMap":{"0":{"name":"(anonymous_0)","decl":{"start":{"line":4,"column":4},"end":{"line":4,"column":5}},"loc":{"start":{"line":4,"column":45},"end":{"line":10,"column":5}},"line":4},"1":{"name":"(anonymous_1)","decl":{"start":{"line":12,"column":4},"end":{"line":12,"column":5}},"loc":{"start":{"line":12,"column":32},"end":{"line":14,"column":5}},"line":12},"2":{"name":"(anonymous_2)","decl":{"start":{"line":16,"column":4},"end":{"line":16,"column":5}},"loc":{"start":{"line":16,"column":29},"end":{"line":25,"column":5}},"line":16},"3":{"name":"(anonymous_3)","decl":{"start":{"line":17,"column":45},"end":{"line":17,"column":46}},"loc":{"start":{"line":17,"column":69},"end":{"line":24,"column":7}},"line":17}},"branchMap":{"0":{"loc":{"start":{"line":18,"column":8},"end":{"line":22,"column":9}},"type":"if","locations":[{"start":{"line":18,"column":8},"end":{"line":22,"column":9}},{"start":{"line":20,"column":15},"end":{"line":22,"column":9}}],"line":18},"1":{"loc":{"start":{"line":20,"column":15},"end":{"line":22,"column":9}},"type":"if","locations":[{"start":{"line":20,"column":15},"end":{"line":22,"column":9}},{"start":{},"end":{}}],"line":20}},"s":{"0":3,"1":25,"2":25,"3":25,"4":25,"5":25,"6":4,"7":4,"8":13,"9":6,"10":7,"11":7,"12":0,"13":3},"f":{"0":25,"1":4,"2":4,"3":13},"b":{"0":[6,7],"1":[7,0]},"_coverageSchema":"1a1c01bbd47fc00a2c39e90264f33305004495a9","hash":"bfe9776d8bbbff2fac773b2333724dea41d7550b"}
}
