{"/Users/ormeline/Documents/Programming/bank-tech-test/bank_account.js": {"path":"/Users/ormeline/Documents/Programming/bank-tech-test/bank_account.js","statementMap":{"0":{"start":{"line":1,"column":20},"end":{"line":1,"column":44}},"1":{"start":{"line":5,"column":4},"end":{"line":5,"column":34}},"2":{"start":{"line":6,"column":4},"end":{"line":6,"column":27}},"3":{"start":{"line":10,"column":24},"end":{"line":10,"column":82}},"4":{"start":{"line":11,"column":4},"end":{"line":11,"column":40}},"5":{"start":{"line":12,"column":4},"end":{"line":12,"column":27}},"6":{"start":{"line":16,"column":4},"end":{"line":22,"column":5}},"7":{"start":{"line":17,"column":26},"end":{"line":17,"column":84}},"8":{"start":{"line":18,"column":6},"end":{"line":18,"column":42}},"9":{"start":{"line":19,"column":6},"end":{"line":19,"column":29}},"10":{"start":{"line":30,"column":0},"end":{"line":30,"column":29}}},"fnMap":{"0":{"name":"(anonymous_0)","decl":{"start":{"line":4,"column":2},"end":{"line":4,"column":3}},"loc":{"start":{"line":4,"column":30},"end":{"line":7,"column":3}},"line":4},"1":{"name":"(anonymous_1)","decl":{"start":{"line":9,"column":2},"end":{"line":9,"column":3}},"loc":{"start":{"line":9,"column":30},"end":{"line":13,"column":3}},"line":9},"2":{"name":"(anonymous_2)","decl":{"start":{"line":15,"column":2},"end":{"line":15,"column":3}},"loc":{"start":{"line":15,"column":31},"end":{"line":23,"column":3}},"line":15}},"branchMap":{"0":{"loc":{"start":{"line":16,"column":4},"end":{"line":22,"column":5}},"type":"if","locations":[{"start":{"line":16,"column":4},"end":{"line":22,"column":5}},{"start":{},"end":{}}],"line":16}},"s":{"0":1,"1":6,"2":6,"3":3,"4":3,"5":3,"6":2,"7":1,"8":1,"9":1,"10":1},"f":{"0":6,"1":3,"2":2},"b":{"0":[1,1]},"_coverageSchema":"1a1c01bbd47fc00a2c39e90264f33305004495a9","hash":"0044d6d06704d0fd9d8cdaaf323d556b5e9e3109"}
,"/Users/ormeline/Documents/Programming/bank-tech-test/print_statement.js": {"path":"/Users/ormeline/Documents/Programming/bank-tech-test/print_statement.js","statementMap":{"0":{"start":{"line":1,"column":20},"end":{"line":1,"column":44}},"1":{"start":{"line":5,"column":4},"end":{"line":5,"column":54}},"2":{"start":{"line":6,"column":4},"end":{"line":12,"column":5}},"3":{"start":{"line":7,"column":46},"end":{"line":7,"column":57}},"4":{"start":{"line":8,"column":30},"end":{"line":8,"column":72}},"5":{"start":{"line":9,"column":29},"end":{"line":9,"column":70}},"6":{"start":{"line":10,"column":31},"end":{"line":10,"column":49}},"7":{"start":{"line":11,"column":6},"end":{"line":11,"column":95}},"8":{"start":{"line":16,"column":0},"end":{"line":16,"column":32}}},"fnMap":{"0":{"name":"(anonymous_0)","decl":{"start":{"line":4,"column":2},"end":{"line":4,"column":3}},"loc":{"start":{"line":4,"column":22},"end":{"line":13,"column":3}},"line":4}},"branchMap":{"0":{"loc":{"start":{"line":8,"column":30},"end":{"line":8,"column":72}},"type":"cond-expr","locations":[{"start":{"line":8,"column":50},"end":{"line":8,"column":67}},{"start":{"line":8,"column":70},"end":{"line":8,"column":72}}],"line":8},"1":{"loc":{"start":{"line":9,"column":29},"end":{"line":9,"column":70}},"type":"cond-expr","locations":[{"start":{"line":9,"column":48},"end":{"line":9,"column":65}},{"start":{"line":9,"column":68},"end":{"line":9,"column":70}}],"line":9}},"s":{"0":1,"1":4,"2":4,"3":5,"4":5,"5":5,"6":5,"7":5,"8":1},"f":{"0":4},"b":{"0":[3,2],"1":[2,3]},"_coverageSchema":"1a1c01bbd47fc00a2c39e90264f33305004495a9","hash":"20c01a8d83a7b3497c57a043cf4f2aea0a701a31"}
,"/Users/ormeline/Documents/Programming/bank-tech-test/transaction.js": {"path":"/Users/ormeline/Documents/Programming/bank-tech-test/transaction.js","statementMap":{"0":{"start":{"line":3,"column":4},"end":{"line":3,"column":21}},"1":{"start":{"line":4,"column":4},"end":{"line":4,"column":25}},"2":{"start":{"line":5,"column":4},"end":{"line":5,"column":21}},"3":{"start":{"line":6,"column":4},"end":{"line":6,"column":27}},"4":{"start":{"line":10,"column":2},"end":{"line":10,"column":31}}},"fnMap":{"0":{"name":"(anonymous_0)","decl":{"start":{"line":2,"column":2},"end":{"line":2,"column":3}},"loc":{"start":{"line":2,"column":43},"end":{"line":8,"column":3}},"line":2}},"branchMap":{},"s":{"0":20,"1":20,"2":20,"3":20,"4":3},"f":{"0":20},"b":{},"_coverageSchema":"1a1c01bbd47fc00a2c39e90264f33305004495a9","hash":"e107eca88a0aafc3bfa5360e1d9c43d1278e4410"}
}
