TN:
SF:bank_account.js
FN:4,(anonymous_0)
FN:9,(anonymous_1)
FN:15,(anonymous_2)
FNF:3
FNH:3
FNDA:6,(anonymous_0)
FNDA:3,(anonymous_1)
FNDA:2,(anonymous_2)
DA:1,1
DA:5,6
DA:6,6
DA:10,3
DA:11,3
DA:12,3
DA:16,2
DA:17,1
DA:18,1
DA:19,1
DA:30,1
LF:11
LH:11
BRDA:16,0,0,1
BRDA:16,0,1,1
BRF:2
BRH:2
end_of_record
TN:
SF:print_statement.js
FN:4,(anonymous_0)
FNF:1
FNH:1
FNDA:4,(anonymous_0)
DA:1,1
DA:5,4
DA:6,4
DA:7,5
DA:8,5
DA:9,5
DA:10,5
DA:11,5
DA:16,1
LF:9
LH:9
BRDA:8,0,0,3
BRDA:8,0,1,2
BRDA:9,1,0,2
BRDA:9,1,1,3
BRF:4
BRH:4
end_of_record
TN:
SF:transaction.js
FN:2,(anonymous_0)
FNF:1
FNH:1
FNDA:20,(anonymous_0)
DA:3,20
DA:4,20
DA:5,20
DA:6,20
DA:10,3
LF:5
LH:5
BRF:0
BRH:0
end_of_record
