TN:
SF:bank_account.js
FN:4,(anonymous_0)
FN:8,(anonymous_1)
FN:13,(anonymous_2)
FNF:3
FNH:3
FNDA:6,(anonymous_0)
FNDA:3,(anonymous_1)
FNDA:2,(anonymous_2)
DA:1,1
DA:5,6
DA:9,3
DA:10,3
DA:14,2
DA:15,1
DA:16,1
DA:18,1
DA:23,1
LF:9
LH:9
BRDA:14,0,0,1
BRDA:14,0,1,1
BRF:2
BRH:2
end_of_record
TN:
SF:print_statement.js
FN:4,(anonymous_0)
FNF:1
FNH:1
FNDA:3,(anonymous_0)
DA:1,1
DA:5,3
DA:7,3
DA:8,3
DA:9,2
DA:10,2
DA:11,2
DA:12,2
DA:13,2
DA:18,1
LF:10
LH:10
BRDA:10,0,0,1
BRDA:10,0,1,1
BRDA:11,1,0,1
BRDA:11,1,1,1
BRF:4
BRH:4
end_of_record
TN:
SF:transaction.js
FN:4,(anonymous_0)
FN:12,(anonymous_1)
FN:16,(anonymous_2)
FN:17,(anonymous_3)
FNF:4
FNH:4
FNDA:25,(anonymous_0)
FNDA:4,(anonymous_1)
FNDA:4,(anonymous_2)
FNDA:13,(anonymous_3)
DA:2,3
DA:5,25
DA:6,25
DA:7,25
DA:8,25
DA:9,25
DA:13,4
DA:17,4
DA:18,13
DA:19,6
DA:20,7
DA:21,7
DA:23,0
DA:28,3
LF:14
LH:13
BRDA:18,0,0,6
BRDA:18,0,1,7
BRDA:20,1,0,7
BRDA:20,1,1,0
BRF:4
BRH:3
end_of_record
